G:\My Drive\MTU\MSc_Project_Files\Analysis_ReSized\not_found\sipa
G:\My Drive\MTU\MSc_Project_Files\Analysis_ReSized\not_found\Not_Found_Files.log
G:\My Drive\MTU\MSc_Project_Files\Analysis_ReSized\not_found\sipa\2
G:\My Drive\MTU\MSc_Project_Files\Analysis_ReSized\not_found\sipa\2\1.jpg
G:\My Drive\MTU\MSc_Project_Files\Analysis_ReSized\not_found\sipa\2\10.jpg
G:\My Drive\MTU\MSc_Project_Files\Analysis_ReSized\not_found\sipa\2\11.jpg
G:\My Drive\MTU\MSc_Project_Files\Analysis_ReSized\not_found\sipa\2\12.jpg
G:\My Drive\MTU\MSc_Project_Files\Analysis_ReSized\not_found\sipa\2\13.jpg
G:\My Drive\MTU\MSc_Project_Files\Analysis_ReSized\not_found\sipa\2\14.jpg
G:\My Drive\MTU\MSc_Project_Files\Analysis_ReSized\not_found\sipa\2\15.jpg
G:\My Drive\MTU\MSc_Project_Files\Analysis_ReSized\not_found\sipa\2\16.jpg
G:\My Drive\MTU\MSc_Project_Files\Analysis_ReSized\not_found\sipa\2\2.jpg
G:\My Drive\MTU\MSc_Project_Files\Analysis_ReSized\not_found\sipa\2\22319_20220321100350.jpg
G:\My Drive\MTU\MSc_Project_Files\Analysis_ReSized\not_found\sipa\2\22319_20220321100409.jpg
G:\My Drive\MTU\MSc_Project_Files\Analysis_ReSized\not_found\sipa\2\22319_20220321101240.jpg
G:\My Drive\MTU\MSc_Project_Files\Analysis_ReSized\not_found\sipa\2\22319_20220321113903.jpg
G:\My Drive\MTU\MSc_Project_Files\Analysis_ReSized\not_found\sipa\2\22319_20220321115131.jpg
G:\My Drive\MTU\MSc_Project_Files\Analysis_ReSized\not_found\sipa\2\22419_20220321130145.jpg
G:\My Drive\MTU\MSc_Project_Files\Analysis_ReSized\not_found\sipa\2\22420_20220321135314.jpg
G:\My Drive\MTU\MSc_Project_Files\Analysis_ReSized\not_found\sipa\2\22420_20220321135751.jpg
G:\My Drive\MTU\MSc_Project_Files\Analysis_ReSized\not_found\sipa\2\22420_20220321135814.jpg
G:\My Drive\MTU\MSc_Project_Files\Analysis_ReSized\not_found\sipa\2\22420_20220321141325.jpg
G:\My Drive\MTU\MSc_Project_Files\Analysis_ReSized\not_found\sipa\2\22421_20220321160735.jpg
G:\My Drive\MTU\MSc_Project_Files\Analysis_ReSized\not_found\sipa\2\22422_20220321161043.jpg
G:\My Drive\MTU\MSc_Project_Files\Analysis_ReSized\not_found\sipa\2\22423_20220321161435.jpg
G:\My Drive\MTU\MSc_Project_Files\Analysis_ReSized\not_found\sipa\2\22424_20220321162804.jpg
G:\My Drive\MTU\MSc_Project_Files\Analysis_ReSized\not_found\sipa\2\22424_20220321162822.jpg
G:\My Drive\MTU\MSc_Project_Files\Analysis_ReSized\not_found\sipa\2\22424_20220321162938.jpg
G:\My Drive\MTU\MSc_Project_Files\Analysis_ReSized\not_found\sipa\2\22424_20220321162953.jpg
G:\My Drive\MTU\MSc_Project_Files\Analysis_ReSized\not_found\sipa\2\22424_20220321163104.jpg
G:\My Drive\MTU\MSc_Project_Files\Analysis_ReSized\not_found\sipa\2\22424_20220321163218.jpg
G:\My Drive\MTU\MSc_Project_Files\Analysis_ReSized\not_found\sipa\2\22424_20220321163247.jpg
G:\My Drive\MTU\MSc_Project_Files\Analysis_ReSized\not_found\sipa\2\22424_20220321163942.jpg
G:\My Drive\MTU\MSc_Project_Files\Analysis_ReSized\not_found\sipa\2\22424_20220321164919.jpg
G:\My Drive\MTU\MSc_Project_Files\Analysis_ReSized\not_found\sipa\2\22424_20220321165018.jpg
G:\My Drive\MTU\MSc_Project_Files\Analysis_ReSized\not_found\sipa\2\22424_20220321165052.jpg
G:\My Drive\MTU\MSc_Project_Files\Analysis_ReSized\not_found\sipa\2\22424_20220321165333.jpg
G:\My Drive\MTU\MSc_Project_Files\Analysis_ReSized\not_found\sipa\2\22424_20220321165532.jpg
G:\My Drive\MTU\MSc_Project_Files\Analysis_ReSized\not_found\sipa\2\22424_20220321165750.jpg
G:\My Drive\MTU\MSc_Project_Files\Analysis_ReSized\not_found\sipa\2\22424_20220321170235.jpg
G:\My Drive\MTU\MSc_Project_Files\Analysis_ReSized\not_found\sipa\2\22424_20220321170627.jpg
G:\My Drive\MTU\MSc_Project_Files\Analysis_ReSized\not_found\sipa\2\22424_20220321170921.jpg
G:\My Drive\MTU\MSc_Project_Files\Analysis_ReSized\not_found\sipa\2\22424_20220321171209.jpg
G:\My Drive\MTU\MSc_Project_Files\Analysis_ReSized\not_found\sipa\2\22424_20220321172831.jpg
G:\My Drive\MTU\MSc_Project_Files\Analysis_ReSized\not_found\sipa\2\22425_20220321172929.jpg
G:\My Drive\MTU\MSc_Project_Files\Analysis_ReSized\not_found\sipa\2\22425_20220321174624.jpg
G:\My Drive\MTU\MSc_Project_Files\Analysis_ReSized\not_found\sipa\2\22425_20220321174637.jpg
G:\My Drive\MTU\MSc_Project_Files\Analysis_ReSized\not_found\sipa\2\22425_20220321174747.jpg
G:\My Drive\MTU\MSc_Project_Files\Analysis_ReSized\not_found\sipa\2\22425_20220321175027.jpg
G:\My Drive\MTU\MSc_Project_Files\Analysis_ReSized\not_found\sipa\2\22425_20220321175511.jpg
G:\My Drive\MTU\MSc_Project_Files\Analysis_ReSized\not_found\sipa\2\22425_20220321175556.jpg
G:\My Drive\MTU\MSc_Project_Files\Analysis_ReSized\not_found\sipa\2\22425_20220321175706.jpg
G:\My Drive\MTU\MSc_Project_Files\Analysis_ReSized\not_found\sipa\2\22425_20220321175832.jpg
G:\My Drive\MTU\MSc_Project_Files\Analysis_ReSized\not_found\sipa\2\22426_20220322102942.jpg
G:\My Drive\MTU\MSc_Project_Files\Analysis_ReSized\not_found\sipa\2\22427_20220321125959.jpg
G:\My Drive\MTU\MSc_Project_Files\Analysis_ReSized\not_found\sipa\2\22427_20220322105451.jpg
G:\My Drive\MTU\MSc_Project_Files\Analysis_ReSized\not_found\sipa\2\22428_20220322113154.jpg
G:\My Drive\MTU\MSc_Project_Files\Analysis_ReSized\not_found\sipa\2\22429_20220321135659.jpg
G:\My Drive\MTU\MSc_Project_Files\Analysis_ReSized\not_found\sipa\2\22429_20220321135734.jpg
G:\My Drive\MTU\MSc_Project_Files\Analysis_ReSized\not_found\sipa\2\22429_20220322102919.jpg
G:\My Drive\MTU\MSc_Project_Files\Analysis_ReSized\not_found\sipa\2\22429_20220322114825.jpg
G:\My Drive\MTU\MSc_Project_Files\Analysis_ReSized\not_found\sipa\2\22430_20220322115422.jpg
G:\My Drive\MTU\MSc_Project_Files\Analysis_ReSized\not_found\sipa\2\22430_20220322120924.jpg
G:\My Drive\MTU\MSc_Project_Files\Analysis_ReSized\not_found\sipa\2\22431_20220321173021.jpg
G:\My Drive\MTU\MSc_Project_Files\Analysis_ReSized\not_found\sipa\2\22431_20220321173649.jpg
G:\My Drive\MTU\MSc_Project_Files\Analysis_ReSized\not_found\sipa\2\22431_20220322130331.jpg
G:\My Drive\MTU\MSc_Project_Files\Analysis_ReSized\not_found\sipa\2\22431_20220322130602.jpg
G:\My Drive\MTU\MSc_Project_Files\Analysis_ReSized\not_found\sipa\2\22431_20220322130947.jpg
G:\My Drive\MTU\MSc_Project_Files\Analysis_ReSized\not_found\sipa\2\22431_20220322132037.jpg
G:\My Drive\MTU\MSc_Project_Files\Analysis_ReSized\not_found\sipa\2\22432_20220321171245.jpg
G:\My Drive\MTU\MSc_Project_Files\Analysis_ReSized\not_found\sipa\2\22432_20220321171537.jpg
G:\My Drive\MTU\MSc_Project_Files\Analysis_ReSized\not_found\sipa\2\22432_20220321171700.jpg
G:\My Drive\MTU\MSc_Project_Files\Analysis_ReSized\not_found\sipa\2\22432_20220321171847.jpg
G:\My Drive\MTU\MSc_Project_Files\Analysis_ReSized\not_found\sipa\2\22432_20220321172236.jpg
G:\My Drive\MTU\MSc_Project_Files\Analysis_ReSized\not_found\sipa\2\22432_20220321172302.jpg
G:\My Drive\MTU\MSc_Project_Files\Analysis_ReSized\not_found\sipa\2\22432_20220321172428.jpg
G:\My Drive\MTU\MSc_Project_Files\Analysis_ReSized\not_found\sipa\2\22432_20220321172547.jpg
G:\My Drive\MTU\MSc_Project_Files\Analysis_ReSized\not_found\sipa\2\22432_20220322132716.jpg
G:\My Drive\MTU\MSc_Project_Files\Analysis_ReSized\not_found\sipa\2\22432_20220322133052.jpg
G:\My Drive\MTU\MSc_Project_Files\Analysis_ReSized\not_found\sipa\2\22432_20220322162557.jpg
G:\My Drive\MTU\MSc_Project_Files\Analysis_ReSized\not_found\sipa\2\22432_20220322162630.jpg
G:\My Drive\MTU\MSc_Project_Files\Analysis_ReSized\not_found\sipa\2\22433_20220323145344.jpg
G:\My Drive\MTU\MSc_Project_Files\Analysis_ReSized\not_found\sipa\2\22434_20220323145632.jpg
G:\My Drive\MTU\MSc_Project_Files\Analysis_ReSized\not_found\sipa\2\22434_20220324114526.jpg
G:\My Drive\MTU\MSc_Project_Files\Analysis_ReSized\not_found\sipa\2\22434_20220324134245.jpg
G:\My Drive\MTU\MSc_Project_Files\Analysis_ReSized\not_found\sipa\2\22435_20220322120902.jpg
G:\My Drive\MTU\MSc_Project_Files\Analysis_ReSized\not_found\sipa\2\22435_20220324134938.jpg
G:\My Drive\MTU\MSc_Project_Files\Analysis_ReSized\not_found\sipa\2\22436_20220324135243.jpg
G:\My Drive\MTU\MSc_Project_Files\Analysis_ReSized\not_found\sipa\2\22437_20220324135318.jpg
G:\My Drive\MTU\MSc_Project_Files\Analysis_ReSized\not_found\sipa\2\22438_20220324141106.jpg
G:\My Drive\MTU\MSc_Project_Files\Analysis_ReSized\not_found\sipa\2\22439_20220324143048.jpg
G:\My Drive\MTU\MSc_Project_Files\Analysis_ReSized\not_found\sipa\2\22440_20220324143411.jpg
G:\My Drive\MTU\MSc_Project_Files\Analysis_ReSized\not_found\sipa\2\22440_20220324143427.jpg
G:\My Drive\MTU\MSc_Project_Files\Analysis_ReSized\not_found\sipa\2\22441_20220325120457.jpg
G:\My Drive\MTU\MSc_Project_Files\Analysis_ReSized\not_found\sipa\2\23029_20220326160130.jpg
G:\My Drive\MTU\MSc_Project_Files\Analysis_ReSized\not_found\sipa\2\23030_20220326160243.jpg
G:\My Drive\MTU\MSc_Project_Files\Analysis_ReSized\not_found\sipa\2\23031_20220328101115.jpg
G:\My Drive\MTU\MSc_Project_Files\Analysis_ReSized\not_found\sipa\2\23033_20220328104942.jpg
G:\My Drive\MTU\MSc_Project_Files\Analysis_ReSized\not_found\sipa\2\23034_20220326161215.jpg
G:\My Drive\MTU\MSc_Project_Files\Analysis_ReSized\not_found\sipa\2\23035_20220328101208.jpg
G:\My Drive\MTU\MSc_Project_Files\Analysis_ReSized\not_found\sipa\2\23038_20220326183516.jpg
G:\My Drive\MTU\MSc_Project_Files\Analysis_ReSized\not_found\sipa\2\23039_20220326173036.jpg
G:\My Drive\MTU\MSc_Project_Files\Analysis_ReSized\not_found\sipa\2\23042_20220326183850.jpg
G:\My Drive\MTU\MSc_Project_Files\Analysis_ReSized\not_found\sipa\2\23043_20220328141901.jpg
G:\My Drive\MTU\MSc_Project_Files\Analysis_ReSized\not_found\sipa\2\23046_20220326184551.jpg
G:\My Drive\MTU\MSc_Project_Files\Analysis_ReSized\not_found\sipa\2\23050_20220326184912.jpg
G:\My Drive\MTU\MSc_Project_Files\Analysis_ReSized\not_found\sipa\2\27179_20220413145802.jpg
G:\My Drive\MTU\MSc_Project_Files\Analysis_ReSized\not_found\sipa\2\27207_20220413151034.jpg
G:\My Drive\MTU\MSc_Project_Files\Analysis_ReSized\not_found\sipa\2\27273_20220414104049.jpg
G:\My Drive\MTU\MSc_Project_Files\Analysis_ReSized\not_found\sipa\2\3.jpg
G:\My Drive\MTU\MSc_Project_Files\Analysis_ReSized\not_found\sipa\2\4.jpg
G:\My Drive\MTU\MSc_Project_Files\Analysis_ReSized\not_found\sipa\2\42325_20220504102743.jpg
G:\My Drive\MTU\MSc_Project_Files\Analysis_ReSized\not_found\sipa\2\42325_20220504102856.jpg
G:\My Drive\MTU\MSc_Project_Files\Analysis_ReSized\not_found\sipa\2\42327_20220504103528.jpg
G:\My Drive\MTU\MSc_Project_Files\Analysis_ReSized\not_found\sipa\2\42333_20220504100651.jpg
G:\My Drive\MTU\MSc_Project_Files\Analysis_ReSized\not_found\sipa\2\42351_20220504111327.jpg
G:\My Drive\MTU\MSc_Project_Files\Analysis_ReSized\not_found\sipa\2\42533_20220505081840.jpg
G:\My Drive\MTU\MSc_Project_Files\Analysis_ReSized\not_found\sipa\2\42535_20220504111619.jpg
G:\My Drive\MTU\MSc_Project_Files\Analysis_ReSized\not_found\sipa\2\42537_20220504111652.jpg
G:\My Drive\MTU\MSc_Project_Files\Analysis_ReSized\not_found\sipa\2\42539_20220504111717.jpg
G:\My Drive\MTU\MSc_Project_Files\Analysis_ReSized\not_found\sipa\2\42539_20220504111812.jpg
G:\My Drive\MTU\MSc_Project_Files\Analysis_ReSized\not_found\sipa\2\42541_20220504111842.jpg
G:\My Drive\MTU\MSc_Project_Files\Analysis_ReSized\not_found\sipa\2\42541_20220504111857.jpg
G:\My Drive\MTU\MSc_Project_Files\Analysis_ReSized\not_found\sipa\2\42543_20220505082357.jpg
G:\My Drive\MTU\MSc_Project_Files\Analysis_ReSized\not_found\sipa\2\42545_20220505082601.jpg
G:\My Drive\MTU\MSc_Project_Files\Analysis_ReSized\not_found\sipa\2\42547_20220504112915.jpg
G:\My Drive\MTU\MSc_Project_Files\Analysis_ReSized\not_found\sipa\2\42549_20220504112947.jpg
G:\My Drive\MTU\MSc_Project_Files\Analysis_ReSized\not_found\sipa\2\42549_20220504113120.jpg
G:\My Drive\MTU\MSc_Project_Files\Analysis_ReSized\not_found\sipa\2\42551_20220504113256.jpg
G:\My Drive\MTU\MSc_Project_Files\Analysis_ReSized\not_found\sipa\2\42553_20220504113419.jpg
G:\My Drive\MTU\MSc_Project_Files\Analysis_ReSized\not_found\sipa\2\42553_20220504113437.jpg
G:\My Drive\MTU\MSc_Project_Files\Analysis_ReSized\not_found\sipa\2\42555_20220504130248.jpg
G:\My Drive\MTU\MSc_Project_Files\Analysis_ReSized\not_found\sipa\2\42557_20220504130417.jpg
G:\My Drive\MTU\MSc_Project_Files\Analysis_ReSized\not_found\sipa\2\42559_20220504130530.jpg
G:\My Drive\MTU\MSc_Project_Files\Analysis_ReSized\not_found\sipa\2\42563_20220504151622.jpg
G:\My Drive\MTU\MSc_Project_Files\Analysis_ReSized\not_found\sipa\2\42569_20220506135958.jpg
G:\My Drive\MTU\MSc_Project_Files\Analysis_ReSized\not_found\sipa\2\42571_20220506140037.jpg
G:\My Drive\MTU\MSc_Project_Files\Analysis_ReSized\not_found\sipa\2\42573_20220506140241.jpg
G:\My Drive\MTU\MSc_Project_Files\Analysis_ReSized\not_found\sipa\2\42575_20220506140321.jpg
G:\My Drive\MTU\MSc_Project_Files\Analysis_ReSized\not_found\sipa\2\42577_20220506140349.jpg
G:\My Drive\MTU\MSc_Project_Files\Analysis_ReSized\not_found\sipa\2\42583_20220506140613.jpg
G:\My Drive\MTU\MSc_Project_Files\Analysis_ReSized\not_found\sipa\2\42585_20220506140705.jpg
G:\My Drive\MTU\MSc_Project_Files\Analysis_ReSized\not_found\sipa\2\42596_20220506141103.jpg
G:\My Drive\MTU\MSc_Project_Files\Analysis_ReSized\not_found\sipa\2\42597_20220506141125.jpg
G:\My Drive\MTU\MSc_Project_Files\Analysis_ReSized\not_found\sipa\2\42598_20220506141152.jpg
G:\My Drive\MTU\MSc_Project_Files\Analysis_ReSized\not_found\sipa\2\42617_20220506141718.jpg
G:\My Drive\MTU\MSc_Project_Files\Analysis_ReSized\not_found\sipa\2\42618_20220506141745.jpg
G:\My Drive\MTU\MSc_Project_Files\Analysis_ReSized\not_found\sipa\2\42619_20220506142415.jpg
G:\My Drive\MTU\MSc_Project_Files\Analysis_ReSized\not_found\sipa\2\42620_20220506142444.jpg
G:\My Drive\MTU\MSc_Project_Files\Analysis_ReSized\not_found\sipa\2\42621_20220506142843.jpg
G:\My Drive\MTU\MSc_Project_Files\Analysis_ReSized\not_found\sipa\2\42622_20220506142904.jpg
G:\My Drive\MTU\MSc_Project_Files\Analysis_ReSized\not_found\sipa\2\42623_20220506143026.jpg
G:\My Drive\MTU\MSc_Project_Files\Analysis_ReSized\not_found\sipa\2\42624_20220506143053.jpg
G:\My Drive\MTU\MSc_Project_Files\Analysis_ReSized\not_found\sipa\2\42638_20220506144311.jpg
G:\My Drive\MTU\MSc_Project_Files\Analysis_ReSized\not_found\sipa\2\42639_20220506144337.jpg
G:\My Drive\MTU\MSc_Project_Files\Analysis_ReSized\not_found\sipa\2\42659_20220506144641.jpg
G:\My Drive\MTU\MSc_Project_Files\Analysis_ReSized\not_found\sipa\2\42659_20220506144717.jpg
G:\My Drive\MTU\MSc_Project_Files\Analysis_ReSized\not_found\sipa\2\42660_20220506144810.jpg
G:\My Drive\MTU\MSc_Project_Files\Analysis_ReSized\not_found\sipa\2\42661_20220506144828.jpg
G:\My Drive\MTU\MSc_Project_Files\Analysis_ReSized\not_found\sipa\2\42662_20220506145637.jpg
G:\My Drive\MTU\MSc_Project_Files\Analysis_ReSized\not_found\sipa\2\42933_20220509082757.jpg
G:\My Drive\MTU\MSc_Project_Files\Analysis_ReSized\not_found\sipa\2\42935_20220509082824.jpg
G:\My Drive\MTU\MSc_Project_Files\Analysis_ReSized\not_found\sipa\2\5.jpg
G:\My Drive\MTU\MSc_Project_Files\Analysis_ReSized\not_found\sipa\2\6.jpg
G:\My Drive\MTU\MSc_Project_Files\Analysis_ReSized\not_found\sipa\2\7.jpg
G:\My Drive\MTU\MSc_Project_Files\Analysis_ReSized\not_found\sipa\2\8.jpg
G:\My Drive\MTU\MSc_Project_Files\Analysis_ReSized\not_found\sipa\2\9.jpg
